{
  "stats": {
    "suites": 1,
    "tests": 1,
    "passes": 1,
    "pending": 0,
    "failures": 0,
    "start": "2023-06-09T22:43:39.323Z",
    "end": "2023-06-09T22:43:58.501Z",
    "duration": 19178,
    "testsRegistered": 1,
    "passPercent": 100,
    "pendingPercent": 0,
    "other": 0,
    "hasOther": false,
    "skipped": 0,
    "hasSkipped": false
  },
  "results": [
    {
      "uuid": "604a590f-d149-4ee4-b9a2-c77cf5d4b53e",
      "title": "",
      "fullFile": "cypress/e2e/contactsMessage.cy.js",
      "file": "cypress/e2e/contactsMessage.cy.js",
      "beforeHooks": [],
      "afterHooks": [],
      "tests": [],
      "suites": [
        {
          "uuid": "e9055005-5076-4fe2-8b5f-c1b5a6ac2d76",
          "title": "Sending contact message",
          "fullFile": "",
          "file": "",
          "beforeHooks": [],
          "afterHooks": [],
          "tests": [
            {
              "title": "Should register new user successfully",
              "fullTitle": "Sending contact message Should register new user successfully",
              "timedOut": null,
              "duration": 16987,
              "state": "passed",
              "speed": "slow",
              "pass": true,
              "fail": false,
              "pending": false,
              "context": null,
              "code": "//Visit home page\ncy.visit(Cypress.env().baseUrl, {\n  failOnStatusCode: false\n});\ncy.wait(5000);\n//Accept pop up\ncy.contains(\"Got it\").click();\n//Click on Contacts link\n_homePage.homePage.goToContactsPage();\n// Complite form\n_contactsPage.contactsPage.completeForm(\"Bren\", newEmail, \"Prueba\", \"test\");\n//Select Category\ncy.category('Technical questions');\n//Saend the form\n_contactsPage.contactsPage.sendForm();\n//Verify successful message\ncy.contains(' Thanks! ').should(\"have.class\", \"notification__title\");",
              "err": {},
              "uuid": "8b031b77-018e-4957-913d-678a44d55c71",
              "parentUUID": "e9055005-5076-4fe2-8b5f-c1b5a6ac2d76",
              "isHook": false,
              "skipped": false
            }
          ],
          "suites": [],
          "passes": [
            "8b031b77-018e-4957-913d-678a44d55c71"
          ],
          "failures": [],
          "pending": [],
          "skipped": [],
          "duration": 16987,
          "root": false,
          "rootEmpty": false,
          "_timeout": 2000
        }
      ],
      "passes": [],
      "failures": [],
      "pending": [],
      "skipped": [],
      "duration": 0,
      "root": true,
      "rootEmpty": true,
      "_timeout": 2000
    }
  ],
  "meta": {
    "mocha": {
      "version": "7.0.1"
    },
    "mochawesome": {
      "options": {
        "quiet": false,
        "reportFilename": "mochawesome",
        "saveHtml": true,
        "saveJson": true,
        "consoleReporter": "spec",
        "useInlineDiffs": false,
        "code": true
      },
      "version": "7.1.3"
    },
    "marge": {
      "options": {
        "overwrite": false
      },
      "version": "6.2.0"
    }
  }
}