{
  "stats": {
    "suites": 1,
    "tests": 1,
    "passes": 1,
    "pending": 0,
    "failures": 0,
    "start": "2023-06-09T22:44:04.280Z",
    "end": "2023-06-09T22:44:23.607Z",
    "duration": 19327,
    "testsRegistered": 1,
    "passPercent": 100,
    "pendingPercent": 0,
    "other": 0,
    "hasOther": false,
    "skipped": 0,
    "hasSkipped": false
  },
  "results": [
    {
      "uuid": "c9432f85-a516-4759-b7da-4a5f38a29e96",
      "title": "",
      "fullFile": "cypress/e2e/registerUser.cy.js",
      "file": "cypress/e2e/registerUser.cy.js",
      "beforeHooks": [],
      "afterHooks": [],
      "tests": [],
      "suites": [
        {
          "uuid": "1929294e-9df9-4a6e-bfcb-b9aecefe5c1f",
          "title": "Register User",
          "fullFile": "",
          "file": "",
          "beforeHooks": [],
          "afterHooks": [],
          "tests": [
            {
              "title": "Should register new user successfully",
              "fullTitle": "Register User Should register new user successfully",
              "timedOut": null,
              "duration": 18250,
              "state": "passed",
              "speed": "slow",
              "pass": true,
              "fail": false,
              "pending": false,
              "context": null,
              "code": "//Visit home page\ncy.visit(Cypress.env().baseUrl, {\n  failOnStatusCode: false\n});\ncy.wait(5000);\n//Accept pop up\ncy.contains(\"Got it\").click();\n//Click on sing up botton\n_homePage.homePage.clickOnsingUpBtn();\n//Verify URL - -  Registration page\ncy.url().should('eq', 'https://demo.casino/user/registration');\n//Complete user and password and check Terms and Conditions\n_registerPage.registerPage.formRegister(newEmail, _registerData.registerData.password);\n//Select EUR currency\ncy.currencyOption('EUR');\n//Submit form\n_registerPage.registerPage.createAccount();\n//Verify successful seregistry \ncy.contains('Congratulations!').should(\"have.class\", \"notification__title\");",
              "err": {},
              "uuid": "936fa810-d219-4ec3-8407-5820076e8d5a",
              "parentUUID": "1929294e-9df9-4a6e-bfcb-b9aecefe5c1f",
              "isHook": false,
              "skipped": false
            }
          ],
          "suites": [],
          "passes": [
            "936fa810-d219-4ec3-8407-5820076e8d5a"
          ],
          "failures": [],
          "pending": [],
          "skipped": [],
          "duration": 18250,
          "root": false,
          "rootEmpty": false,
          "_timeout": 2000
        }
      ],
      "passes": [],
      "failures": [],
      "pending": [],
      "skipped": [],
      "duration": 0,
      "root": true,
      "rootEmpty": true,
      "_timeout": 2000
    }
  ],
  "meta": {
    "mocha": {
      "version": "7.0.1"
    },
    "mochawesome": {
      "options": {
        "quiet": false,
        "reportFilename": "mochawesome",
        "saveHtml": true,
        "saveJson": true,
        "consoleReporter": "spec",
        "useInlineDiffs": false,
        "code": true
      },
      "version": "7.1.3"
    },
    "marge": {
      "options": {
        "overwrite": false
      },
      "version": "6.2.0"
    }
  }
}