{
  "stats": {
    "suites": 1,
    "tests": 1,
    "passes": 0,
    "pending": 0,
    "failures": 1,
    "start": "2022-05-26T15:48:33.196Z",
    "end": "2022-05-26T15:48:58.297Z",
    "duration": 25101,
    "testsRegistered": 1,
    "passPercent": 0,
    "pendingPercent": 0,
    "other": 0,
    "hasOther": false,
    "skipped": 0,
    "hasSkipped": false
  },
  "results": [
    {
      "uuid": "62aa2eda-add7-41a6-b78a-0507b01c5847",
      "title": "",
      "fullFile": "cypress/integration/nicknameVerify.spec.js",
      "file": "cypress/integration/nicknameVerify.spec.js",
      "beforeHooks": [],
      "afterHooks": [],
      "tests": [],
      "suites": [
        {
          "uuid": "2fabe7df-33c3-4eec-8c9f-a1eb920055b5",
          "title": "Verify Nickname in profile user info",
          "fullFile": "",
          "file": "",
          "beforeHooks": [],
          "afterHooks": [],
          "tests": [
            {
              "title": "Should go to the profile settings menu",
              "fullTitle": "Verify Nickname in profile user info Should go to the profile settings menu",
              "timedOut": null,
              "duration": 24608,
              "state": "failed",
              "speed": null,
              "pass": false,
              "fail": true,
              "pending": false,
              "context": null,
              "code": "cy.session('prueba', () => {\n  cy.visit('/user/login');\n  cy.contains(\"Got it\").click();\n  cy.login(_loginData.loginData.user, _loginData.loginData.password);\n  cy.contains(_elements.profileElements.userProfileBtn).click();\n  cy.get(_elements.profileElements.goToProfileBtn).click();\n  cy.contains(_elements.profileElements.profileSettingsBtn).click();\n  cy.get(_elements.profileElements.nickName).should('have.value', 'passionate_winner_23203219');\n});",
              "err": {
                "message": "AssertionError: Timed out retrying after 4000ms: Expected to find content: 'challengeusr1' but never did.",
                "estack": "AssertionError: Timed out retrying after 4000ms: Expected to find content: 'challengeusr1' but never did.\n    at Object.eval [as setup] (https://demo.casino/__cypress/tests?p=cypress/integration/nicknameVerify.spec.js:132:10)",
                "diff": null
              },
              "uuid": "64f76b8a-4c4e-4a08-8b41-f4fc7d3bf4d8",
              "parentUUID": "2fabe7df-33c3-4eec-8c9f-a1eb920055b5",
              "isHook": false,
              "skipped": false
            }
          ],
          "suites": [],
          "passes": [],
          "failures": [
            "64f76b8a-4c4e-4a08-8b41-f4fc7d3bf4d8"
          ],
          "pending": [],
          "skipped": [],
          "duration": 24608,
          "root": false,
          "rootEmpty": false,
          "_timeout": 2000
        }
      ],
      "passes": [],
      "failures": [],
      "pending": [],
      "skipped": [],
      "duration": 0,
      "root": true,
      "rootEmpty": true,
      "_timeout": 2000
    }
  ],
  "meta": {
    "mocha": {
      "version": "7.0.1"
    },
    "mochawesome": {
      "options": {
        "quiet": false,
        "reportFilename": "mochawesome",
        "saveHtml": true,
        "saveJson": true,
        "consoleReporter": "spec",
        "useInlineDiffs": false,
        "code": true
      },
      "version": "7.1.3"
    },
    "marge": {
      "options": {
        "overwrite": false
      },
      "version": "6.2.0"
    }
  }
}