{
  "stats": {
    "suites": 1,
    "tests": 1,
    "passes": 1,
    "pending": 0,
    "failures": 0,
    "start": "2022-05-26T01:56:50.415Z",
    "end": "2022-05-26T01:57:35.115Z",
    "duration": 44700,
    "testsRegistered": 1,
    "passPercent": 100,
    "pendingPercent": 0,
    "other": 0,
    "hasOther": false,
    "skipped": 0,
    "hasSkipped": false
  },
  "results": [
    {
      "uuid": "d4f71e96-8ae0-49da-bed7-3e27205388f9",
      "title": "",
      "fullFile": "cypress/integration/nicknameVerify.spec.js",
      "file": "cypress/integration/nicknameVerify.spec.js",
      "beforeHooks": [],
      "afterHooks": [],
      "tests": [],
      "suites": [
        {
          "uuid": "e9f66d8a-6487-4e81-b284-8116d10ce4c5",
          "title": "Verify Nickname in profile user info",
          "fullFile": "",
          "file": "",
          "beforeHooks": [],
          "afterHooks": [],
          "tests": [
            {
              "title": "Should go to the profile settings menu",
              "fullTitle": "Verify Nickname in profile user info Should go to the profile settings menu",
              "timedOut": null,
              "duration": 44301,
              "state": "passed",
              "speed": "slow",
              "pass": true,
              "fail": false,
              "pending": false,
              "context": null,
              "code": "cy.session('prueba', () => {\n  cy.visit('/user/login');\n  cy.contains(\"Got it\").click();\n  cy.login(_loginData.loginData.user, _loginData.loginData.password);\n  cy.contains(_elements.profileElements.userProfileBtn).click();\n  cy.get(_elements.profileElements.goToProfileBtn).click();\n  cy.contains(_elements.profileElements.profileSettingsBtn).click();\n  cy.get(_elements.profileElements.nickName).should('have.value', 'passionate_winner_23203219');\n});",
              "err": {},
              "uuid": "b3489e8b-a5bf-4bac-96a7-0fe670642343",
              "parentUUID": "e9f66d8a-6487-4e81-b284-8116d10ce4c5",
              "isHook": false,
              "skipped": false
            }
          ],
          "suites": [],
          "passes": [
            "b3489e8b-a5bf-4bac-96a7-0fe670642343"
          ],
          "failures": [],
          "pending": [],
          "skipped": [],
          "duration": 44301,
          "root": false,
          "rootEmpty": false,
          "_timeout": 2000
        }
      ],
      "passes": [],
      "failures": [],
      "pending": [],
      "skipped": [],
      "duration": 0,
      "root": true,
      "rootEmpty": true,
      "_timeout": 2000
    }
  ],
  "meta": {
    "mocha": {
      "version": "7.0.1"
    },
    "mochawesome": {
      "options": {
        "quiet": false,
        "reportFilename": "mochawesome",
        "saveHtml": true,
        "saveJson": true,
        "consoleReporter": "spec",
        "useInlineDiffs": false,
        "code": true
      },
      "version": "7.1.3"
    },
    "marge": {
      "options": {
        "overwrite": false
      },
      "version": "6.2.0"
    }
  }
}